<?xml version="1.0" encoding="UTF-8"?>
<!-- Generated by org.testng.reporters.JUnitReportReporter -->
<testsuite hostname="EPINHYDW0655" failures="0" tests="3" name="com.epam.TestCase" time="0.012" errors="0" timestamp="2024-05-29T22:53:50 IST" skipped="0">
  <testcase classname="com.epam.TestCase" name="test1" time="0.009"/>
  <testcase classname="com.epam.TestCase" name="test3" time="0.002"/>
  <testcase classname="com.epam.TestCase" name="test2" time="0.001"/>
</testsuite> <!-- com.epam.TestCase -->
